2023-04-14 00:54:14,461 - Log4JLogChute initialized using file 'velocity.log'
2023-04-14 00:54:14,463 - Initializing Velocity, Calling init()...
2023-04-14 00:54:14,465 - Starting Apache Velocity v1.7 (compiled: 2010-11-19 12:14:37)
2023-04-14 00:54:14,465 - Default Properties File: org\apache\velocity\runtime\defaults\velocity.properties
2023-04-14 00:54:14,465 - Trying to use logger class org.apache.velocity.runtime.log.AvalonLogChute
2023-04-14 00:54:14,465 - Target log system for org.apache.velocity.runtime.log.AvalonLogChute is not available (java.lang.NoClassDefFoundError: org/apache/log/format/Formatter).  Falling back to next log system...
2023-04-14 00:54:14,465 - Trying to use logger class org.apache.velocity.runtime.log.Log4JLogChute
2023-04-14 00:54:14,465 - Using logger class org.apache.velocity.runtime.log.Log4JLogChute
2023-04-14 00:54:14,472 - ResourceLoader instantiated: org.apache.velocity.runtime.resource.loader.ClasspathResourceLoader
2023-04-14 00:54:14,489 - ResourceCache: initialized (class org.apache.velocity.runtime.resource.ResourceCacheImpl) with class java.util.Collections$SynchronizedMap cache map.
2023-04-14 00:54:14,491 - Loaded System Directive: org.apache.velocity.runtime.directive.Stop
2023-04-14 00:54:14,492 - Loaded System Directive: org.apache.velocity.runtime.directive.Define
2023-04-14 00:54:14,492 - Loaded System Directive: org.apache.velocity.runtime.directive.Break
2023-04-14 00:54:14,493 - Loaded System Directive: org.apache.velocity.runtime.directive.Evaluate
2023-04-14 00:54:14,494 - Loaded System Directive: org.apache.velocity.runtime.directive.Literal
2023-04-14 00:54:14,495 - Loaded System Directive: org.apache.velocity.runtime.directive.Macro
2023-04-14 00:54:14,496 - Loaded System Directive: org.apache.velocity.runtime.directive.Parse
2023-04-14 00:54:14,498 - Loaded System Directive: org.apache.velocity.runtime.directive.Include
2023-04-14 00:54:14,499 - Loaded System Directive: org.apache.velocity.runtime.directive.Foreach
2023-04-14 00:54:14,537 - Created '20' parsers.
2023-04-14 00:54:14,544 - Velocimacro : "velocimacro.library" is not set.  Trying default library: VM_global_library.vm
2023-04-14 00:54:14,545 - Could not load resource 'VM_global_library.vm' from ResourceLoader org.apache.velocity.runtime.resource.loader.ClasspathResourceLoader: ClasspathResourceLoader Error: cannot find resource VM_global_library.vm
2023-04-14 00:54:14,545 - Velocimacro : Default library not found.
2023-04-14 00:54:14,545 - Velocimacro : allowInline = true : VMs can be defined inline in templates
2023-04-14 00:54:14,545 - Velocimacro : allowInlineToOverride = false : VMs defined inline may NOT replace previous VM definitions
2023-04-14 00:54:14,545 - Velocimacro : allowInlineLocal = false : VMs defined inline will be global in scope if allowed.
2023-04-14 00:54:14,545 - Velocimacro : autoload off : VM system will not automatically reload global library macros
2023-04-14 00:54:14,579 - ResourceManager : found /templates/entity.java.vm with loader org.apache.velocity.runtime.resource.loader.ClasspathResourceLoader
2023-04-14 00:54:14,593 - ResourceManager : found /templates/mapper.java.vm with loader org.apache.velocity.runtime.resource.loader.ClasspathResourceLoader
2023-04-14 00:54:14,597 - ResourceManager : found /templates/mapper.xml.vm with loader org.apache.velocity.runtime.resource.loader.ClasspathResourceLoader
2023-04-14 00:54:14,601 - ResourceManager : found /templates/service.java.vm with loader org.apache.velocity.runtime.resource.loader.ClasspathResourceLoader
2023-04-14 00:54:14,605 - ResourceManager : found /templates/serviceImpl.java.vm with loader org.apache.velocity.runtime.resource.loader.ClasspathResourceLoader
2023-04-14 00:54:14,609 - ResourceManager : found /templates/controller.java.vm with loader org.apache.velocity.runtime.resource.loader.ClasspathResourceLoader
2023-04-14 00:57:28,754 - Log4JLogChute initialized using file 'velocity.log'
2023-04-14 00:57:28,755 - Initializing Velocity, Calling init()...
2023-04-14 00:57:28,755 - Starting Apache Velocity v1.7 (compiled: 2010-11-19 12:14:37)
2023-04-14 00:57:28,755 - Default Properties File: org\apache\velocity\runtime\defaults\velocity.properties
2023-04-14 00:57:28,755 - Trying to use logger class org.apache.velocity.runtime.log.AvalonLogChute
2023-04-14 00:57:28,755 - Target log system for org.apache.velocity.runtime.log.AvalonLogChute is not available (java.lang.NoClassDefFoundError: org/apache/log/format/Formatter).  Falling back to next log system...
2023-04-14 00:57:28,755 - Trying to use logger class org.apache.velocity.runtime.log.Log4JLogChute
2023-04-14 00:57:28,755 - Using logger class org.apache.velocity.runtime.log.Log4JLogChute
2023-04-14 00:57:28,758 - ResourceLoader instantiated: org.apache.velocity.runtime.resource.loader.ClasspathResourceLoader
2023-04-14 00:57:28,766 - ResourceCache: initialized (class org.apache.velocity.runtime.resource.ResourceCacheImpl) with class java.util.Collections$SynchronizedMap cache map.
2023-04-14 00:57:28,767 - Loaded System Directive: org.apache.velocity.runtime.directive.Stop
2023-04-14 00:57:28,769 - Loaded System Directive: org.apache.velocity.runtime.directive.Define
2023-04-14 00:57:28,769 - Loaded System Directive: org.apache.velocity.runtime.directive.Break
2023-04-14 00:57:28,769 - Loaded System Directive: org.apache.velocity.runtime.directive.Evaluate
2023-04-14 00:57:28,770 - Loaded System Directive: org.apache.velocity.runtime.directive.Literal
2023-04-14 00:57:28,770 - Loaded System Directive: org.apache.velocity.runtime.directive.Macro
2023-04-14 00:57:28,771 - Loaded System Directive: org.apache.velocity.runtime.directive.Parse
2023-04-14 00:57:28,772 - Loaded System Directive: org.apache.velocity.runtime.directive.Include
2023-04-14 00:57:28,773 - Loaded System Directive: org.apache.velocity.runtime.directive.Foreach
2023-04-14 00:57:28,794 - Created '20' parsers.
2023-04-14 00:57:28,797 - Velocimacro : "velocimacro.library" is not set.  Trying default library: VM_global_library.vm
2023-04-14 00:57:28,799 - Could not load resource 'VM_global_library.vm' from ResourceLoader org.apache.velocity.runtime.resource.loader.ClasspathResourceLoader: ClasspathResourceLoader Error: cannot find resource VM_global_library.vm
2023-04-14 00:57:28,799 - Velocimacro : Default library not found.
2023-04-14 00:57:28,799 - Velocimacro : allowInline = true : VMs can be defined inline in templates
2023-04-14 00:57:28,799 - Velocimacro : allowInlineToOverride = false : VMs defined inline may NOT replace previous VM definitions
2023-04-14 00:57:28,799 - Velocimacro : allowInlineLocal = false : VMs defined inline will be global in scope if allowed.
2023-04-14 00:57:28,799 - Velocimacro : autoload off : VM system will not automatically reload global library macros
2023-04-14 00:57:28,819 - ResourceManager : found /templates/entity.java.vm with loader org.apache.velocity.runtime.resource.loader.ClasspathResourceLoader
2023-04-14 00:57:28,830 - ResourceManager : found /templates/mapper.java.vm with loader org.apache.velocity.runtime.resource.loader.ClasspathResourceLoader
2023-04-14 00:57:28,834 - ResourceManager : found /templates/mapper.xml.vm with loader org.apache.velocity.runtime.resource.loader.ClasspathResourceLoader
2023-04-14 00:57:28,838 - ResourceManager : found /templates/service.java.vm with loader org.apache.velocity.runtime.resource.loader.ClasspathResourceLoader
2023-04-14 00:57:28,841 - ResourceManager : found /templates/serviceImpl.java.vm with loader org.apache.velocity.runtime.resource.loader.ClasspathResourceLoader
2023-04-14 00:57:28,845 - ResourceManager : found /templates/controller.java.vm with loader org.apache.velocity.runtime.resource.loader.ClasspathResourceLoader
